[16/10/17 12:14:53][INFO][layout.component.PGNLayLayout-275] readSurnameFile:./config/surname
[16/10/17 12:14:53][INFO][layout.component.PGNLayLayout-276] output:result
[16/10/17 12:14:53][INFO][layout.component.PGNLayLayout-277] passwordLength: 8
[16/10/17 12:14:53][INFO][layout.component.PGNLayLayout-278] englishNameFile: ./config/englishName
[16/10/17 12:14:53][INFO][layout.component.PGNLayLayout-279] chineseNameFile: ./config/chiname
[16/10/17 12:14:53][INFO][layout.component.FileUtil-?] read file into array
[16/10/17 12:14:53][INFO][layout.component.FileUtil-?] read file into array
[16/10/17 12:14:53][INFO][layout.component.FileUtil-?] read file into array
[16/10/17 12:14:53][INFO][layout.component.PGNLayLayout-295] properties loaded!
[16/10/17 12:14:55][INFO][layout.component.PGNLayLayout$2-175] 3
[16/10/17 12:14:55][ERROR][layout.component.PGenerator-?] config.properties (系統找不到指定的檔案。)
[16/10/17 12:14:55][INFO][layout.component.PGenerator-?] properties loaded!!
[16/10/17 12:16:13][INFO][layout.component.PGNLayLayout-275] readSurnameFile:./config/surname
[16/10/17 12:16:13][INFO][layout.component.PGNLayLayout-276] output:result
[16/10/17 12:16:13][INFO][layout.component.PGNLayLayout-277] passwordLength: 8
[16/10/17 12:16:13][INFO][layout.component.PGNLayLayout-278] englishNameFile: ./config/englishName
[16/10/17 12:16:13][INFO][layout.component.PGNLayLayout-279] chineseNameFile: ./config/chiname
[16/10/17 12:16:13][INFO][layout.component.FileUtil-?] read file into array
[16/10/17 12:16:13][INFO][layout.component.FileUtil-?] read file into array
[16/10/17 12:16:13][INFO][layout.component.FileUtil-?] read file into array
[16/10/17 12:16:13][INFO][layout.component.PGNLayLayout-295] properties loaded!
[16/10/17 12:16:18][INFO][layout.component.PGNLayLayout$2-175] 3
[16/10/17 12:16:18][ERROR][layout.component.PGenerator-?] config.properties (系統找不到指定的檔案。)
[16/10/17 12:16:18][INFO][layout.component.PGenerator-?] properties loaded!!
[16/10/17 12:17:15][INFO][layout.component.PGNLayLayout-275] readSurnameFile:./config/surname
[16/10/17 12:17:15][INFO][layout.component.PGNLayLayout-276] output:result
[16/10/17 12:17:15][INFO][layout.component.PGNLayLayout-277] passwordLength: 8
[16/10/17 12:17:15][INFO][layout.component.PGNLayLayout-278] englishNameFile: ./config/englishName
[16/10/17 12:17:15][INFO][layout.component.PGNLayLayout-279] chineseNameFile: ./config/chiname
[16/10/17 12:17:15][INFO][layout.component.FileUtil-?] read file into array
[16/10/17 12:17:15][INFO][layout.component.FileUtil-?] read file into array
[16/10/17 12:17:15][INFO][layout.component.FileUtil-?] read file into array
[16/10/17 12:17:15][INFO][layout.component.PGNLayLayout-295] properties loaded!
[16/10/17 12:17:17][INFO][layout.component.PGNLayLayout$2-175] 3
[16/10/17 12:17:17][INFO][layout.component.PGenerator-115] readSurnameFile:./config/surname
[16/10/17 12:17:17][INFO][layout.component.PGenerator-116] output:result
[16/10/17 12:17:17][INFO][layout.component.PGenerator-117] passwordLength: 8
[16/10/17 12:17:17][INFO][layout.component.PGenerator-118] englishNameFile: ./config/englishName
[16/10/17 12:17:17][INFO][layout.component.PGenerator-119] chineseNameFile: ./config/chiname
[16/10/17 12:17:17][INFO][layout.component.PGenerator-120] accountNum: 100
[16/10/17 12:17:17][INFO][layout.component.FileUtil-?] read file into array
[16/10/17 12:17:17][INFO][layout.component.FileUtil-?] read file into array
[16/10/17 12:17:17][INFO][layout.component.FileUtil-?] read file into array
[16/10/17 12:17:17][INFO][layout.component.PGenerator-137] properties loaded!!
[16/10/17 12:17:17][INFO][layout.component.FileUtil-?] 孟珮如
[16/10/17 12:17:17][INFO][layout.component.FileUtil-?] 閭丘冠廷
[16/10/17 12:17:17][INFO][layout.component.FileUtil-?] 貢志強
[16/10/17 12:17:17][INFO][layout.component.FileUtil-?] write File Finished
[16/10/17 12:17:17][INFO][layout.component.FileUtil-?] write File Finished
[16/10/17 12:17:17][INFO][layout.component.FileUtil-?] write File Finished
[16/10/17 12:32:07][INFO][layout.component.thread.PGenerator-117] readSurnameFile:./config/surname
[16/10/17 12:32:07][INFO][layout.component.thread.PGenerator-118] output:result
[16/10/17 12:32:07][INFO][layout.component.thread.PGenerator-119] passwordLength: 8
[16/10/17 12:32:07][INFO][layout.component.thread.PGenerator-120] englishNameFile: ./config/englishName
[16/10/17 12:32:07][INFO][layout.component.thread.PGenerator-121] chineseNameFile: ./config/chiname
[16/10/17 12:32:07][INFO][layout.component.thread.PGenerator-122] accountNum: 100
[16/10/17 12:32:07][INFO][layout.component.fileio.FileUtil-171] read file into array
[16/10/17 12:32:07][INFO][layout.component.fileio.FileUtil-171] read file into array
[16/10/17 12:32:07][INFO][layout.component.fileio.FileUtil-171] read file into array
[16/10/17 12:32:07][INFO][layout.component.thread.PGenerator-139] properties loaded!!
[16/10/17 12:32:07][INFO][layout.component.fileio.FileUtil-61] 澹台婉琳
[16/10/17 12:32:07][INFO][layout.component.fileio.FileUtil-61] 通思嘉
[16/10/17 12:32:07][INFO][layout.component.fileio.FileUtil-61] 容奕辰
[16/10/17 12:32:07][INFO][layout.component.fileio.FileUtil-61] 查志忠
[16/10/17 12:32:07][INFO][layout.component.fileio.FileUtil-61] 鈕婉柔
[16/10/17 12:32:07][INFO][layout.component.fileio.FileUtil-61] 季惠萍
[16/10/17 12:32:07][INFO][layout.component.fileio.FileUtil-61] 葉庭瑋
[16/10/17 12:32:07][INFO][layout.component.fileio.FileUtil-61] 姚怡文
[16/10/17 12:32:07][INFO][layout.component.fileio.FileUtil-61] 暴毓婷
[16/10/17 12:32:07][INFO][layout.component.fileio.FileUtil-61] 後建佑
[16/10/17 12:32:07][INFO][layout.component.fileio.FileUtil-61] 項政達
[16/10/17 12:32:07][INFO][layout.component.fileio.FileUtil-61] 伍雅如
[16/10/17 12:32:07][INFO][layout.component.fileio.FileUtil-61] 郭彥傑
[16/10/17 12:32:07][INFO][layout.component.fileio.FileUtil-61] 蔡雅莉
[16/10/17 12:32:07][INFO][layout.component.fileio.FileUtil-61] 丁麗娟
[16/10/17 12:32:07][INFO][layout.component.fileio.FileUtil-61] 韶佳玲
[16/10/17 12:32:07][INFO][layout.component.fileio.FileUtil-61] 季仲豪
[16/10/17 12:32:07][INFO][layout.component.fileio.FileUtil-61] 殷裕仁
[16/10/17 12:32:07][INFO][layout.component.fileio.FileUtil-61] 宣馨瑩
[16/10/17 12:32:07][INFO][layout.component.fileio.FileUtil-61] 公孫柏豪
[16/10/17 12:32:07][INFO][layout.component.fileio.FileUtil-61] 薑柏翔
[16/10/17 12:32:07][INFO][layout.component.fileio.FileUtil-61] 嚴宗勳
[16/10/17 12:32:07][INFO][layout.component.fileio.FileUtil-61] 康怡華
[16/10/17 12:32:07][INFO][layout.component.fileio.FileUtil-61] 衛香君
[16/10/17 12:32:07][INFO][layout.component.fileio.FileUtil-61] 任嘉倫
[16/10/17 12:32:07][INFO][layout.component.fileio.FileUtil-61] 祁怡臻
[16/10/17 12:32:07][INFO][layout.component.fileio.FileUtil-61] 龍瑞鴻
[16/10/17 12:32:07][INFO][layout.component.fileio.FileUtil-61] 東郭姿吟
[16/10/17 12:32:07][INFO][layout.component.fileio.FileUtil-61] 梁志平
[16/10/17 12:32:07][INFO][layout.component.fileio.FileUtil-61] 貝育慈
[16/10/17 12:32:07][INFO][layout.component.fileio.FileUtil-61] 韓政達
[16/10/17 12:32:07][INFO][layout.component.fileio.FileUtil-61] 阮彥豪
[16/10/17 12:32:07][INFO][layout.component.fileio.FileUtil-61] 杜廷宇
[16/10/17 12:32:07][INFO][layout.component.fileio.FileUtil-61] 習宜穎
[16/10/17 12:32:07][INFO][layout.component.fileio.FileUtil-61] 赫連曉菁
[16/10/17 12:32:07][INFO][layout.component.fileio.FileUtil-61] 東郭曉芬
[16/10/17 12:32:07][INFO][layout.component.fileio.FileUtil-61] 紀珮如
[16/10/17 12:32:07][INFO][layout.component.fileio.FileUtil-61] 平聖文
[16/10/17 12:32:07][INFO][layout.component.fileio.FileUtil-61] 莫明憲
[16/10/17 12:32:07][INFO][layout.component.fileio.FileUtil-61] 時彥佑
[16/10/17 12:32:07][INFO][layout.component.fileio.FileUtil-61] 鄒欣蓓
[16/10/17 12:32:07][INFO][layout.component.fileio.FileUtil-61] 宋明芳
[16/10/17 12:32:07][INFO][layout.component.fileio.FileUtil-61] 岑銘宏
[16/10/17 12:32:07][INFO][layout.component.fileio.FileUtil-61] 愛世賢
[16/10/17 12:32:07][INFO][layout.component.fileio.FileUtil-61] 堵佳瑜
[16/10/17 12:32:07][INFO][layout.component.fileio.FileUtil-61] 璩宗祐
[16/10/17 12:32:07][INFO][layout.component.fileio.FileUtil-61] 丁靜如
[16/10/17 12:32:07][INFO][layout.component.fileio.FileUtil-61] 楊孟軒
[16/10/17 12:32:07][INFO][layout.component.fileio.FileUtil-61] 方婉甄
[16/10/17 12:32:07][INFO][layout.component.fileio.FileUtil-61] 黃惠萍
[16/10/17 12:32:07][INFO][layout.component.fileio.FileUtil-61] 管郁珊
[16/10/17 12:32:07][INFO][layout.component.fileio.FileUtil-61] 卞國峰
[16/10/17 12:32:07][INFO][layout.component.fileio.FileUtil-61] 向盈瑩
[16/10/17 12:32:07][INFO][layout.component.fileio.FileUtil-61] 太叔書維
[16/10/17 12:32:07][INFO][layout.component.fileio.FileUtil-61] 彭品潔
[16/10/17 12:32:07][INFO][layout.component.fileio.FileUtil-61] 海佩容
[16/10/17 12:32:07][INFO][layout.component.fileio.FileUtil-61] 樊珮茹
[16/10/17 12:32:07][INFO][layout.component.fileio.FileUtil-61] 有哲豪
[16/10/17 12:32:07][INFO][layout.component.fileio.FileUtil-61] 雍蕙君
[16/10/17 12:32:07][INFO][layout.component.fileio.FileUtil-61] 羊昱豪
[16/10/17 12:32:07][INFO][layout.component.fileio.FileUtil-61] 榮俊毅
[16/10/17 12:32:07][INFO][layout.component.fileio.FileUtil-61] 查宏文
[16/10/17 12:32:07][INFO][layout.component.fileio.FileUtil-61] 刁怡菁
[16/10/17 12:32:07][INFO][layout.component.fileio.FileUtil-61] 韋詩穎
[16/10/17 12:32:07][INFO][layout.component.fileio.FileUtil-61] 明韋伶
[16/10/17 12:32:07][INFO][layout.component.fileio.FileUtil-61] 晁佳霖
[16/10/17 12:32:07][INFO][layout.component.fileio.FileUtil-61] 歐陽可欣
[16/10/17 12:32:07][INFO][layout.component.fileio.FileUtil-61] 庾惠婷
[16/10/17 12:32:07][INFO][layout.component.fileio.FileUtil-61] 畢玉潔
[16/10/17 12:32:07][INFO][layout.component.fileio.FileUtil-61] 師雅琴
[16/10/17 12:32:07][INFO][layout.component.fileio.FileUtil-61] 連育銘
[16/10/17 12:32:07][INFO][layout.component.fileio.FileUtil-61] 秦文斌
[16/10/17 12:32:07][INFO][layout.component.fileio.FileUtil-61] 羊智仁
[16/10/17 12:32:07][INFO][layout.component.fileio.FileUtil-61] 利士豪
[16/10/17 12:32:07][INFO][layout.component.fileio.FileUtil-61] 虞佳霖
[16/10/17 12:32:07][INFO][layout.component.fileio.FileUtil-61] 莘博仁
[16/10/17 12:32:07][INFO][layout.component.fileio.FileUtil-61] 袁宜儒
[16/10/17 12:32:07][INFO][layout.component.fileio.FileUtil-61] 微生宗樺
[16/10/17 12:32:07][INFO][layout.component.fileio.FileUtil-61] 儲凱琳
[16/10/17 12:32:07][INFO][layout.component.fileio.FileUtil-61] 杭郁珊
[16/10/17 12:32:07][INFO][layout.component.fileio.FileUtil-61] 伍佩樺
[16/10/17 12:32:07][INFO][layout.component.fileio.FileUtil-61] 田偉哲
[16/10/17 12:32:07][INFO][layout.component.fileio.FileUtil-61] 昌惠婷
[16/10/17 12:32:07][INFO][layout.component.fileio.FileUtil-61] 明彥豪
[16/10/17 12:32:07][INFO][layout.component.fileio.FileUtil-61] 公西柏鈞
[16/10/17 12:32:07][INFO][layout.component.fileio.FileUtil-61] 權政宏
[16/10/17 12:32:07][INFO][layout.component.fileio.FileUtil-61] 尤昱宏
[16/10/17 12:32:07][INFO][layout.component.fileio.FileUtil-61] 仇世杰
[16/10/17 12:32:07][INFO][layout.component.fileio.FileUtil-61] 劉育民
[16/10/17 12:32:07][INFO][layout.component.fileio.FileUtil-61] 左丘心瑜
[16/10/17 12:32:07][INFO][layout.component.fileio.FileUtil-61] 芮孟婷
[16/10/17 12:32:07][INFO][layout.component.fileio.FileUtil-61] 壽文豪
[16/10/17 12:32:07][INFO][layout.component.fileio.FileUtil-61] 單宗儒
[16/10/17 12:32:07][INFO][layout.component.fileio.FileUtil-61] 班玉潔
[16/10/17 12:32:07][INFO][layout.component.fileio.FileUtil-61] 鐘離俊佑
[16/10/17 12:32:07][INFO][layout.component.fileio.FileUtil-61] 闕雅筑
[16/10/17 12:32:07][INFO][layout.component.fileio.FileUtil-61] 餘雅淳
[16/10/17 12:32:07][INFO][layout.component.fileio.FileUtil-61] 牛美儀
[16/10/17 12:32:07][INFO][layout.component.fileio.FileUtil-61] 軒轅筱雯
[16/10/17 12:32:07][INFO][layout.component.fileio.FileUtil-61] 艾怡瑄
[16/10/17 12:32:07][INFO][layout.component.fileio.FileUtil-61] 蒯秀芳
[16/10/17 12:32:07][INFO][layout.component.fileio.FileUtil-61] 沙美秀
[16/10/17 12:32:07][INFO][layout.component.fileio.FileUtil-61] 牧博仁
[16/10/17 12:32:07][INFO][layout.component.fileio.FileUtil-61] 東郭鳳儀
[16/10/17 12:32:07][INFO][layout.component.fileio.FileUtil-61] 曾意婷
[16/10/17 12:32:07][INFO][layout.component.fileio.FileUtil-61] 卞永昌
[16/10/17 12:32:07][INFO][layout.component.fileio.FileUtil-61] 歐偉哲
[16/10/17 12:32:07][INFO][layout.component.fileio.FileUtil-61] 曾于珊
[16/10/17 12:32:07][INFO][layout.component.fileio.FileUtil-61] 梅宗賢
[16/10/17 12:32:07][INFO][layout.component.fileio.FileUtil-61] 公西惠美
[16/10/17 12:32:07][INFO][layout.component.fileio.FileUtil-61] 紀宏仁
[16/10/17 12:32:07][INFO][layout.component.fileio.FileUtil-61] 郗淑慧
[16/10/17 12:32:07][INFO][layout.component.fileio.FileUtil-61] 海宜蓁
[16/10/17 12:32:07][INFO][layout.component.fileio.FileUtil-61] 司徒建中
[16/10/17 12:32:07][INFO][layout.component.fileio.FileUtil-61] 牧芳瑜
[16/10/17 12:32:07][INFO][layout.component.fileio.FileUtil-61] 單于彥廷
[16/10/17 12:32:07][INFO][layout.component.fileio.FileUtil-61] 賈秀玲
[16/10/17 12:32:07][INFO][layout.component.fileio.FileUtil-61] 明俊逸
[16/10/17 12:32:07][INFO][layout.component.fileio.FileUtil-61] 商耀中
[16/10/17 12:32:07][INFO][layout.component.fileio.FileUtil-61] 國家賢
[16/10/17 12:32:07][INFO][layout.component.fileio.FileUtil-61] 弓惠玲
[16/10/17 12:32:07][INFO][layout.component.fileio.FileUtil-61] 紀雨潔
[16/10/17 12:32:07][INFO][layout.component.fileio.FileUtil-61] 端木雅欣
[16/10/17 12:32:07][INFO][layout.component.fileio.FileUtil-61] 韓尚儒
[16/10/17 12:32:07][INFO][layout.component.fileio.FileUtil-61] 婁佩伶
[16/10/17 12:32:07][INFO][layout.component.fileio.FileUtil-61] 朱佩伶
[16/10/17 12:32:07][INFO][layout.component.fileio.FileUtil-61] 廉思瑩
[16/10/17 12:32:07][INFO][layout.component.fileio.FileUtil-61] 宗明芳
[16/10/17 12:32:07][INFO][layout.component.fileio.FileUtil-61] 彭耀中
[16/10/17 12:32:07][INFO][layout.component.fileio.FileUtil-61] 宗勝傑
[16/10/17 12:32:07][INFO][layout.component.fileio.FileUtil-61] 商韻婷
[16/10/17 12:32:07][INFO][layout.component.fileio.FileUtil-61] 祁俊嘉
[16/10/17 12:32:07][INFO][layout.component.fileio.FileUtil-61] 權耀德
[16/10/17 12:32:07][INFO][layout.component.fileio.FileUtil-61] 後淑美
[16/10/17 12:32:07][INFO][layout.component.fileio.FileUtil-61] 魚怡均
[16/10/17 12:32:07][INFO][layout.component.fileio.FileUtil-61] 舒明輝
[16/10/17 12:32:07][INFO][layout.component.fileio.FileUtil-61] 皇甫于庭
[16/10/17 12:32:07][INFO][layout.component.fileio.FileUtil-61] 柳裕仁
[16/10/17 12:32:07][INFO][layout.component.fileio.FileUtil-61] 夏千惠
[16/10/17 12:32:07][INFO][layout.component.fileio.FileUtil-61] 淳於雅芳
[16/10/17 12:32:07][INFO][layout.component.fileio.FileUtil-61] 芮世偉
[16/10/17 12:32:07][INFO][layout.component.fileio.FileUtil-61] 魚偉誠
[16/10/17 12:32:07][INFO][layout.component.fileio.FileUtil-61] 嶽依珊
[16/10/17 12:32:07][INFO][layout.component.fileio.FileUtil-61] 繆永昌
[16/10/17 12:32:07][INFO][layout.component.fileio.FileUtil-61] 程怡文
[16/10/17 12:32:07][INFO][layout.component.fileio.FileUtil-61] 喻世杰
[16/10/17 12:32:07][INFO][layout.component.fileio.FileUtil-61] 魚淑婷
[16/10/17 12:32:07][INFO][layout.component.fileio.FileUtil-61] 法俊翔
[16/10/17 12:32:07][INFO][layout.component.fileio.FileUtil-61] 步書銘
[16/10/17 12:32:07][INFO][layout.component.fileio.FileUtil-61] 鄭意婷
[16/10/17 12:32:07][INFO][layout.component.fileio.FileUtil-61] 仇筱筠
[16/10/17 12:32:07][INFO][layout.component.fileio.FileUtil-61] 逯﻿怡君
[16/10/17 12:32:07][INFO][layout.component.fileio.FileUtil-61] 明哲宇
[16/10/17 12:32:07][INFO][layout.component.fileio.FileUtil-61] 尤文宏
[16/10/17 12:32:07][INFO][layout.component.fileio.FileUtil-61] 紀政憲
[16/10/17 12:32:07][INFO][layout.component.fileio.FileUtil-61] 蒲俊達
[16/10/17 12:32:07][INFO][layout.component.fileio.FileUtil-61] 公孫柏安
[16/10/17 12:32:07][INFO][layout.component.fileio.FileUtil-61] 羊宏達
[16/10/17 12:32:07][INFO][layout.component.fileio.FileUtil-61] 臧柏成
[16/10/17 12:32:07][INFO][layout.component.fileio.FileUtil-61] 毛鈺涵
[16/10/17 12:32:07][INFO][layout.component.fileio.FileUtil-61] 扈育仁
[16/10/17 12:32:07][INFO][layout.component.fileio.FileUtil-61] 伯思瑩
[16/10/17 12:32:07][INFO][layout.component.fileio.FileUtil-61] 紅耀中
[16/10/17 12:32:07][INFO][layout.component.fileio.FileUtil-61] 韶淑婷
[16/10/17 12:32:07][INFO][layout.component.fileio.FileUtil-61] 樂智偉
[16/10/17 12:32:07][INFO][layout.component.fileio.FileUtil-61] 危雅涵
[16/10/17 12:32:07][INFO][layout.component.fileio.FileUtil-61] 元裕仁
[16/10/17 12:32:07][INFO][layout.component.fileio.FileUtil-61] 周慧慈
[16/10/17 12:32:07][INFO][layout.component.fileio.FileUtil-61] 養俊雄
[16/10/17 12:32:07][INFO][layout.component.fileio.FileUtil-61] 段玉雯
[16/10/17 12:32:07][INFO][layout.component.fileio.FileUtil-61] 姚雅如
[16/10/17 12:32:07][INFO][layout.component.fileio.FileUtil-61] 邴盈瑩
[16/10/17 12:32:07][INFO][layout.component.fileio.FileUtil-61] 榮文瑜
[16/10/17 12:32:07][INFO][layout.component.fileio.FileUtil-61] 祝玉菁
[16/10/17 12:32:07][INFO][layout.component.fileio.FileUtil-61] 郭怡青
[16/10/17 12:32:07][INFO][layout.component.fileio.FileUtil-61] 路岳霖
[16/10/17 12:32:07][INFO][layout.component.fileio.FileUtil-61] 牧書賢
[16/10/17 12:32:07][INFO][layout.component.fileio.FileUtil-61] 尉遲建良
[16/10/17 12:32:07][INFO][layout.component.fileio.FileUtil-61] 後建宏
[16/10/17 12:32:07][INFO][layout.component.fileio.FileUtil-61] 高佳宜
[16/10/17 12:32:07][INFO][layout.component.fileio.FileUtil-61] 金嘉容
[16/10/17 12:32:07][INFO][layout.component.fileio.FileUtil-61] 康于婷
[16/10/17 12:32:07][INFO][layout.component.fileio.FileUtil-61] 南門瑋倫
[16/10/17 12:32:07][INFO][layout.component.fileio.FileUtil-61] 庾麗婷
[16/10/17 12:32:07][INFO][layout.component.fileio.FileUtil-61] 太叔雅云
[16/10/17 12:32:07][INFO][layout.component.fileio.FileUtil-61] 牧智豪
[16/10/17 12:32:07][INFO][layout.component.fileio.FileUtil-61] 諸葛孟璇
[16/10/17 12:32:07][INFO][layout.component.fileio.FileUtil-61] 全于萱
[16/10/17 12:32:07][INFO][layout.component.fileio.FileUtil-61] 邵佳慧
[16/10/17 12:32:07][INFO][layout.component.fileio.FileUtil-61] 吉彥勳
[16/10/17 12:32:07][INFO][layout.component.fileio.FileUtil-61] 章俊翰
[16/10/17 12:32:07][INFO][layout.component.fileio.FileUtil-61] 司寇凱元
[16/10/17 12:32:07][INFO][layout.component.fileio.FileUtil-61] 慎冠宏
[16/10/17 12:32:07][INFO][layout.component.fileio.FileUtil-61] 貢哲緯
[16/10/17 12:32:07][INFO][layout.component.fileio.FileUtil-61] 莫怡瑩
[16/10/17 12:32:07][INFO][layout.component.fileio.FileUtil-61] 佟宜穎
[16/10/17 12:32:07][INFO][layout.component.fileio.FileUtil-61] 鞠彥傑
[16/10/17 12:32:07][INFO][layout.component.fileio.FileUtil-61] 蒲智鈞
[16/10/17 12:32:07][INFO][layout.component.fileio.FileUtil-61] 施岳霖
[16/10/17 12:32:07][INFO][layout.component.fileio.FileUtil-61] 呼延淑玲
[16/10/17 12:32:07][INFO][layout.component.fileio.FileUtil-61] 花惠玲
[16/10/17 12:32:07][INFO][layout.component.fileio.FileUtil-61] 端木育瑄
[16/10/17 12:32:07][INFO][layout.component.fileio.FileUtil-61] 殳仁宏
[16/10/17 12:32:07][INFO][layout.component.fileio.FileUtil-61] 容大鈞
[16/10/17 12:32:07][INFO][layout.component.fileio.FileUtil-61] 牧智強
[16/10/17 12:32:07][INFO][layout.component.fileio.FileUtil-61] 邊婉琪
[16/10/17 12:32:07][INFO][layout.component.fileio.FileUtil-61] 雷怡儒
[16/10/17 12:32:07][INFO][layout.component.fileio.FileUtil-101] write File Finished
[16/10/17 12:32:07][INFO][layout.component.fileio.FileUtil-61] 師嘉駿
[16/10/17 12:32:07][INFO][layout.component.fileio.FileUtil-61] 明世昌
[16/10/17 12:32:07][INFO][layout.component.fileio.FileUtil-61] 章思穎
[16/10/17 12:32:07][INFO][layout.component.fileio.FileUtil-61] 堵怡穎
[16/10/17 12:32:07][INFO][layout.component.fileio.FileUtil-61] 顧士豪
[16/10/17 12:32:07][INFO][layout.component.fileio.FileUtil-61] 段書瑜
[16/10/17 12:32:07][INFO][layout.component.fileio.FileUtil-61] 黨雅雲
[16/10/17 12:32:07][INFO][layout.component.fileio.FileUtil-61] 麴銘宏
[16/10/17 12:32:07][INFO][layout.component.fileio.FileUtil-61] 勾珮玲
[16/10/17 12:32:07][INFO][layout.component.fileio.FileUtil-61] 蕭佳穎
[16/10/17 12:32:07][INFO][layout.component.fileio.FileUtil-61] 雷逸群
[16/10/17 12:32:07][INFO][layout.component.fileio.FileUtil-61] 惠嘉倫
[16/10/17 12:32:07][INFO][layout.component.fileio.FileUtil-61] 古郁珊
[16/10/17 12:32:07][INFO][layout.component.fileio.FileUtil-61] 魯維真
[16/10/17 12:32:07][INFO][layout.component.fileio.FileUtil-61] 顧建霖
[16/10/17 12:32:07][INFO][layout.component.fileio.FileUtil-61] 易靖雅
[16/10/17 12:32:07][INFO][layout.component.fileio.FileUtil-61] 薑嘉宏
[16/10/17 12:32:07][INFO][layout.component.fileio.FileUtil-61] 尚英哲
[16/10/17 12:32:07][INFO][layout.component.fileio.FileUtil-61] 譙冠霖
[16/10/17 12:32:07][INFO][layout.component.fileio.FileUtil-61] 宣宗達
[16/10/17 12:32:07][INFO][layout.component.fileio.FileUtil-61] 秋聖哲
[16/10/17 12:32:07][INFO][layout.component.fileio.FileUtil-61] 厲嘉琪
[16/10/17 12:32:07][INFO][layout.component.fileio.FileUtil-61] 蔚于珊
[16/10/17 12:32:07][INFO][layout.component.fileio.FileUtil-61] 葛政儒
[16/10/17 12:32:07][INFO][layout.component.fileio.FileUtil-61] 卞博元
[16/10/17 12:32:07][INFO][layout.component.fileio.FileUtil-61] 茅姿瑩
[16/10/17 12:32:07][INFO][layout.component.fileio.FileUtil-61] 應宜婷
[16/10/17 12:32:07][INFO][layout.component.fileio.FileUtil-61] 邊智傑
[16/10/17 12:32:07][INFO][layout.component.fileio.FileUtil-61] 賈英哲
[16/10/17 12:32:07][INFO][layout.component.fileio.FileUtil-61] 祖柏豪
[16/10/17 12:32:07][INFO][layout.component.fileio.FileUtil-61] 臧明璋
[16/10/17 12:32:07][INFO][layout.component.fileio.FileUtil-61] 荀慧珊
[16/10/17 12:32:07][INFO][layout.component.fileio.FileUtil-61] 甘哲嘉
[16/10/17 12:32:07][INFO][layout.component.fileio.FileUtil-61] 錢怡珍
[16/10/17 12:32:07][INFO][layout.component.fileio.FileUtil-61] 何佳慧
[16/10/17 12:32:07][INFO][layout.component.fileio.FileUtil-61] 茹宏達
[16/10/17 12:32:07][INFO][layout.component.fileio.FileUtil-61] 太叔淑芬
[16/10/17 12:32:07][INFO][layout.component.fileio.FileUtil-61] 閭丘孟樺
[16/10/17 12:32:07][INFO][layout.component.fileio.FileUtil-61] 平婉琳
[16/10/17 12:32:07][INFO][layout.component.fileio.FileUtil-61] 元筱婷
[16/10/17 12:32:07][INFO][layout.component.fileio.FileUtil-61] 堵逸軒
[16/10/17 12:32:07][INFO][layout.component.fileio.FileUtil-61] 金耀賢
[16/10/17 12:32:07][INFO][layout.component.fileio.FileUtil-61] 易奕辰
[16/10/17 12:32:07][INFO][layout.component.fileio.FileUtil-61] 樊孟哲
[16/10/17 12:32:07][INFO][layout.component.fileio.FileUtil-61] 丁雅琴
[16/10/17 12:32:07][INFO][layout.component.fileio.FileUtil-61] 晏佳燕
[16/10/17 12:32:07][INFO][layout.component.fileio.FileUtil-61] 公孫惠雯
[16/10/17 12:32:07][INFO][layout.component.fileio.FileUtil-61] 蒯凱文
[16/10/17 12:32:07][INFO][layout.component.fileio.FileUtil-61] 暨宜儒
[16/10/17 12:32:07][INFO][layout.component.fileio.FileUtil-61] 席孟翰
[16/10/17 12:32:07][INFO][layout.component.fileio.FileUtil-61] 霍建中
[16/10/17 12:32:07][INFO][layout.component.fileio.FileUtil-61] 扈凱元
[16/10/17 12:32:07][INFO][layout.component.fileio.FileUtil-61] 廣舒婷
[16/10/17 12:32:07][INFO][layout.component.fileio.FileUtil-61] 賈佳倫
[16/10/17 12:32:07][INFO][layout.component.fileio.FileUtil-61] 平盈盈
[16/10/17 12:32:07][INFO][layout.component.fileio.FileUtil-61] 權佩儒
[16/10/17 12:32:07][INFO][layout.component.fileio.FileUtil-61] 高莉婷
[16/10/17 12:32:07][INFO][layout.component.fileio.FileUtil-61] 伍佳瑋
[16/10/17 12:32:07][INFO][layout.component.fileio.FileUtil-61] 蓋冠宏
[16/10/17 12:32:07][INFO][layout.component.fileio.FileUtil-61] 帥昱辰
[16/10/17 12:32:07][INFO][layout.component.fileio.FileUtil-61] 婁佳琳
[16/10/17 12:32:07][INFO][layout.component.fileio.FileUtil-61] 寧政哲
[16/10/17 12:32:07][INFO][layout.component.fileio.FileUtil-61] 元嘉玲
[16/10/17 12:32:07][INFO][layout.component.fileio.FileUtil-61] 翁大鈞
[16/10/17 12:32:07][INFO][layout.component.fileio.FileUtil-61] 雍盈如
[16/10/17 12:32:07][INFO][layout.component.fileio.FileUtil-61] 漆雕柏賢
[16/10/17 12:32:07][INFO][layout.component.fileio.FileUtil-61] 公羊家豪
[16/10/17 12:32:07][INFO][layout.component.fileio.FileUtil-61] 滑詩芸
[16/10/17 12:32:07][INFO][layout.component.fileio.FileUtil-61] 周俊良
[16/10/17 12:32:07][INFO][layout.component.fileio.FileUtil-61] 左丘佳霖
[16/10/17 12:32:07][INFO][layout.component.fileio.FileUtil-61] 蓋美慧
[16/10/17 12:32:07][INFO][layout.component.fileio.FileUtil-61] 褚建成
[16/10/17 12:32:07][INFO][layout.component.fileio.FileUtil-61] 司空佳芸
[16/10/17 12:32:07][INFO][layout.component.fileio.FileUtil-61] 索惠如
[16/10/17 12:32:07][INFO][layout.component.fileio.FileUtil-61] 庾政達
[16/10/17 12:32:07][INFO][layout.component.fileio.FileUtil-61] 雍志峰
[16/10/17 12:32:07][INFO][layout.component.fileio.FileUtil-61] 藺淑華
[16/10/17 12:32:07][INFO][layout.component.fileio.FileUtil-61] 伊冠銘
[16/10/17 12:32:07][INFO][layout.component.fileio.FileUtil-61] 賈佩雯
[16/10/17 12:32:07][INFO][layout.component.fileio.FileUtil-61] 魚佩真
[16/10/17 12:32:07][INFO][layout.component.fileio.FileUtil-61] 邊怡穎
[16/10/17 12:32:07][INFO][layout.component.fileio.FileUtil-61] 喻姿穎
[16/10/17 12:32:07][INFO][layout.component.fileio.FileUtil-61] 莫惠敏
[16/10/17 12:32:07][INFO][layout.component.fileio.FileUtil-61] 唐冠甫
[16/10/17 12:32:07][INFO][layout.component.fileio.FileUtil-61] 儲彥儒
[16/10/17 12:32:07][INFO][layout.component.fileio.FileUtil-61] 殳裕翔
[16/10/17 12:32:07][INFO][layout.component.fileio.FileUtil-61] 淳於文馨
[16/10/17 12:32:07][INFO][layout.component.fileio.FileUtil-61] 狄國瑋
[16/10/17 12:32:07][INFO][layout.component.fileio.FileUtil-61] 錢怡婷
[16/10/17 12:32:07][INFO][layout.component.fileio.FileUtil-61] 盧孟璇
[16/10/17 12:32:07][INFO][layout.component.fileio.FileUtil-61] 那詩涵
[16/10/17 12:32:07][INFO][layout.component.fileio.FileUtil-61] 譚宗達
[16/10/17 12:32:07][INFO][layout.component.fileio.FileUtil-61] 貢靜茹
[16/10/17 12:32:07][INFO][layout.component.fileio.FileUtil-101] write File Finished
[16/10/17 12:32:07][INFO][layout.component.fileio.FileUtil-101] write File Finished
[16/10/17 12:32:18][INFO][layout.component.gui.PGNLayLayout-278] readSurnameFile:./config/surname
[16/10/17 12:32:18][INFO][layout.component.gui.PGNLayLayout-279] output:result
[16/10/17 12:32:18][INFO][layout.component.gui.PGNLayLayout-280] passwordLength: 8
[16/10/17 12:32:18][INFO][layout.component.gui.PGNLayLayout-281] englishNameFile: ./config/englishName
[16/10/17 12:32:18][INFO][layout.component.gui.PGNLayLayout-282] chineseNameFile: ./config/chiname
[16/10/17 12:32:18][INFO][layout.component.fileio.FileUtil-171] read file into array
[16/10/17 12:32:18][INFO][layout.component.fileio.FileUtil-171] read file into array
[16/10/17 12:32:18][INFO][layout.component.fileio.FileUtil-171] read file into array
[16/10/17 12:32:18][INFO][layout.component.gui.PGNLayLayout-298] properties loaded!
[16/10/17 12:32:21][INFO][layout.component.gui.PGNLayLayout$2-178] 3
[16/10/17 12:32:21][INFO][layout.component.thread.PGenerator-117] readSurnameFile:./config/surname
[16/10/17 12:32:21][INFO][layout.component.thread.PGenerator-118] output:result
[16/10/17 12:32:21][INFO][layout.component.thread.PGenerator-119] passwordLength: 8
[16/10/17 12:32:21][INFO][layout.component.thread.PGenerator-120] englishNameFile: ./config/englishName
[16/10/17 12:32:21][INFO][layout.component.thread.PGenerator-121] chineseNameFile: ./config/chiname
[16/10/17 12:32:21][INFO][layout.component.thread.PGenerator-122] accountNum: 100
[16/10/17 12:32:21][INFO][layout.component.fileio.FileUtil-171] read file into array
[16/10/17 12:32:21][INFO][layout.component.fileio.FileUtil-171] read file into array
[16/10/17 12:32:21][INFO][layout.component.fileio.FileUtil-171] read file into array
[16/10/17 12:32:21][INFO][layout.component.thread.PGenerator-139] properties loaded!!
[16/10/17 12:32:21][INFO][layout.component.fileio.FileUtil-61] 督怡安
[16/10/17 12:32:21][INFO][layout.component.fileio.FileUtil-61] 田俊宏
[16/10/17 12:32:21][INFO][layout.component.fileio.FileUtil-61] 易鴻文
[16/10/17 12:32:21][INFO][layout.component.fileio.FileUtil-101] write File Finished
[16/10/17 12:32:21][INFO][layout.component.fileio.FileUtil-101] write File Finished
[16/10/17 12:32:21][INFO][layout.component.fileio.FileUtil-101] write File Finished
